This is pdfTeX, Version 3.14159265-2.6-1.40.15 (TeX Live 2014/Arch Linux) (preloaded format=pdflatex 2015.3.6)  20 MAR 2015 17:30
entering extended mode
 \write18 enabled.
 %&-line parsing enabled.
**doc.tex
(./doc.tex
LaTeX2e <2014/05/01>
Babel <3.9k> and hyphenation patterns for 79 languages loaded.
(/usr/share/texmf-dist/tex/latex/base/report.cls
Document Class: report 2007/10/19 v1.4h Standard LaTeX document class
(/usr/share/texmf-dist/tex/latex/base/size10.clo
File: size10.clo 2007/10/19 v1.4h Standard LaTeX file (size option)
)
\c@part=\count79
\c@chapter=\count80
\c@section=\count81
\c@subsection=\count82
\c@subsubsection=\count83
\c@paragraph=\count84
\c@subparagraph=\count85
\c@figure=\count86
\c@table=\count87
\abovecaptionskip=\skip41
\belowcaptionskip=\skip42
\bibindent=\dimen102
)
(/usr/share/texmf-dist/tex/latex/minted/minted.sty
Package: minted 2011/09/17 v1.7 Yet another Pygments shim for LaTeX

(/usr/share/texmf-dist/tex/latex/graphics/keyval.sty
Package: keyval 2014/05/08 v1.15 key=value parser (DPC)
\KV@toks@=\toks14
)
(/usr/share/texmf-dist/tex/latex/fancyvrb/fancyvrb.sty
Package: fancyvrb 2008/02/07

Style option: `fancyvrb' v2.7a, with DG/SPQR fixes, and firstline=lastline fix 
<2008/02/07> (tvz)
\FV@CodeLineNo=\count88
\FV@InFile=\read1
\FV@TabBox=\box26
\c@FancyVerbLine=\count89
\FV@StepNumber=\count90
\FV@OutFile=\write3
) (/usr/share/texmf-dist/tex/latex/xcolor/xcolor.sty
Package: xcolor 2007/01/21 v2.11 LaTeX color extensions (UK)

(/usr/share/texmf-dist/tex/latex/latexconfig/color.cfg
File: color.cfg 2007/01/18 v1.5 color configuration of teTeX/TeXLive
)
Package xcolor Info: Driver file: pdftex.def on input line 225.

(/usr/share/texmf-dist/tex/latex/pdftex-def/pdftex.def
File: pdftex.def 2011/05/27 v0.06d Graphics/color for pdfTeX

(/usr/share/texmf-dist/tex/generic/oberdiek/infwarerr.sty
Package: infwarerr 2010/04/08 v1.3 Providing info/warning/error messages (HO)
)
(/usr/share/texmf-dist/tex/generic/oberdiek/ltxcmds.sty
Package: ltxcmds 2011/11/09 v1.22 LaTeX kernel commands for general use (HO)
)
\Gread@gobject=\count91
)
Package xcolor Info: Model `cmy' substituted by `cmy0' on input line 1337.
Package xcolor Info: Model `hsb' substituted by `rgb' on input line 1341.
Package xcolor Info: Model `RGB' extended on input line 1353.
Package xcolor Info: Model `HTML' substituted by `rgb' on input line 1355.
Package xcolor Info: Model `Hsb' substituted by `hsb' on input line 1356.
Package xcolor Info: Model `tHsb' substituted by `hsb' on input line 1357.
Package xcolor Info: Model `HSB' substituted by `hsb' on input line 1358.
Package xcolor Info: Model `Gray' substituted by `gray' on input line 1359.
Package xcolor Info: Model `wave' substituted by `hsb' on input line 1360.
)
(/usr/share/texmf-dist/tex/latex/float/float.sty
Package: float 2001/11/08 v1.3d Float enhancements (AL)
\c@float@type=\count92
\float@exts=\toks15
\float@box=\box27
\@float@everytoks=\toks16
\@floatcapt=\box28
)
(/usr/share/texmf-dist/tex/latex/base/ifthen.sty
Package: ifthen 2001/05/26 v1.1c Standard LaTeX ifthen package (DPC)
)
(/usr/share/texmf-dist/tex/latex/tools/calc.sty
Package: calc 2007/08/22 v4.3 Infix arithmetic (KKT,FJ)
\calc@Acount=\count93
\calc@Bcount=\count94
\calc@Adimen=\dimen103
\calc@Bdimen=\dimen104
\calc@Askip=\skip43
\calc@Bskip=\skip44
LaTeX Info: Redefining \setlength on input line 75.
LaTeX Info: Redefining \addtolength on input line 76.
\calc@Ccount=\count95
\calc@Cskip=\skip45
)
(/usr/share/texmf-dist/tex/latex/ifplatform/ifplatform.sty
Package: ifplatform 2010/10/22 v0.4 Testing for the operating system

(/usr/share/texmf-dist/tex/generic/oberdiek/pdftexcmds.sty
Package: pdftexcmds 2011/11/29 v0.20 Utility functions of pdfTeX for LuaTeX (HO
)

(/usr/share/texmf-dist/tex/generic/oberdiek/ifluatex.sty
Package: ifluatex 2010/03/01 v1.3 Provides the ifluatex switch (HO)
Package ifluatex Info: LuaTeX not detected.
)
(/usr/share/texmf-dist/tex/generic/oberdiek/ifpdf.sty
Package: ifpdf 2011/01/30 v2.3 Provides the ifpdf switch (HO)
Package ifpdf Info: pdfTeX in PDF mode is detected.
)
Package pdftexcmds Info: LuaTeX not detected.
Package pdftexcmds Info: \pdf@primitive is available.
Package pdftexcmds Info: \pdf@ifprimitive is available.
Package pdftexcmds Info: \pdfdraftmode found.
)
(/usr/share/texmf-dist/tex/generic/oberdiek/catchfile.sty
Package: catchfile 2011/03/01 v1.6 Catch the contents of a file (HO)

(/usr/share/texmf-dist/tex/generic/oberdiek/etexcmds.sty
Package: etexcmds 2011/02/16 v1.5 Avoid name clashes with e-TeX commands (HO)
Package etexcmds Info: Could not find \expanded.
(etexcmds)             That can mean that you are not using pdfTeX 1.50 or
(etexcmds)             that some package has redefined \expanded.
(etexcmds)             In the latter case, load this package earlier.
))
runsystem(uname -s > "doc.w18")...executed.

 (./doc.w18)
runsystem(rm -- "doc.w18")...executed.

)
\minted@bgbox=\box29
\minted@code=\write4
\@float@every@listing=\toks17
\c@listing=\count96
)
runsystem(which pygmentize && touch doc.aex)...executed.

runsystem(rm doc.aex)...executed.


(/usr/share/texmf-dist/tex/latex/tools/verbatim.sty
Package: verbatim 2003/08/22 v1.5q LaTeX2e package for verbatim enhancements
\every@verbatim=\toks18
\verbatim@line=\toks19
\verbatim@in@stream=\read2
)
(/usr/share/texmf-dist/tex/latex/preprint/fullpage.sty
Package: fullpage 1999/02/23 1.1 (PWD)
\FP@margin=\skip46
)
(/usr/share/texmf-dist/tex/latex/etoolbox/etoolbox.sty
Package: etoolbox 2011/01/03 v2.1 e-TeX tools for LaTeX

(/usr/share/texmf-dist/tex/latex/etex-pkg/etex.sty
Package: etex 1998/03/26 v2.0 eTeX basic definition package (PEB)
\et@xins=\count97
)
\etb@tempcnta=\count98
)
(/usr/share/texmf-dist/tex/latex/lipsum/lipsum.sty
Package: lipsum 2014/07/27 v1.3 150 paragraphs of Lorem Ipsum dummy text
\c@lips@count=\count99
)
(/usr/share/texmf-dist/tex/latex/graphics/graphicx.sty
Package: graphicx 2014/04/25 v1.0g Enhanced LaTeX Graphics (DPC,SPQR)

(/usr/share/texmf-dist/tex/latex/graphics/graphics.sty
Package: graphics 2009/02/05 v1.0o Standard LaTeX Graphics (DPC,SPQR)

(/usr/share/texmf-dist/tex/latex/graphics/trig.sty
Package: trig 1999/03/16 v1.09 sin cos tan (DPC)
)
(/usr/share/texmf-dist/tex/latex/latexconfig/graphics.cfg
File: graphics.cfg 2010/04/23 v1.9 graphics configuration of TeX Live
)
Package graphics Info: Driver file: pdftex.def on input line 91.
)
\Gin@req@height=\dimen105
\Gin@req@width=\dimen106
)
(/usr/share/texmf-dist/tex/latex/hyperref/hyperref.sty
Package: hyperref 2012/11/06 v6.83m Hypertext links for LaTeX

(/usr/share/texmf-dist/tex/generic/oberdiek/hobsub-hyperref.sty
Package: hobsub-hyperref 2012/05/28 v1.13 Bundle oberdiek, subset hyperref (HO)


(/usr/share/texmf-dist/tex/generic/oberdiek/hobsub-generic.sty
Package: hobsub-generic 2012/05/28 v1.13 Bundle oberdiek, subset generic (HO)
Package: hobsub 2012/05/28 v1.13 Construct package bundles (HO)
Package hobsub Info: Skipping package `infwarerr' (already loaded).
Package hobsub Info: Skipping package `ltxcmds' (already loaded).
Package hobsub Info: Skipping package `ifluatex' (already loaded).
Package: ifvtex 2010/03/01 v1.5 Detect VTeX and its facilities (HO)
Package ifvtex Info: VTeX not detected.
Package: intcalc 2007/09/27 v1.1 Expandable calculations with integers (HO)
Package hobsub Info: Skipping package `ifpdf' (already loaded).
Package hobsub Info: Skipping package `etexcmds' (already loaded).
Package: kvsetkeys 2012/04/25 v1.16 Key value parser (HO)
Package: kvdefinekeys 2011/04/07 v1.3 Define keys (HO)
Package hobsub Info: Skipping package `pdftexcmds' (already loaded).
Package: pdfescape 2011/11/25 v1.13 Implements pdfTeX's escape features (HO)
Package: bigintcalc 2012/04/08 v1.3 Expandable calculations on big integers (HO
)
Package: bitset 2011/01/30 v1.1 Handle bit-vector datatype (HO)
Package: uniquecounter 2011/01/30 v1.2 Provide unlimited unique counter (HO)
)
Package hobsub Info: Skipping package `hobsub' (already loaded).
Package: letltxmacro 2010/09/02 v1.4 Let assignment for LaTeX macros (HO)
Package: hopatch 2012/05/28 v1.2 Wrapper for package hooks (HO)
Package: xcolor-patch 2011/01/30 xcolor patch
Package: atveryend 2011/06/30 v1.8 Hooks at the very end of document (HO)
Package: atbegshi 2011/10/05 v1.16 At begin shipout hook (HO)
Package: refcount 2011/10/16 v3.4 Data extraction from label references (HO)
Package: hycolor 2011/01/30 v1.7 Color options for hyperref/bookmark (HO)
)
(/usr/share/texmf-dist/tex/generic/ifxetex/ifxetex.sty
Package: ifxetex 2010/09/12 v0.6 Provides ifxetex conditional
)
(/usr/share/texmf-dist/tex/latex/oberdiek/auxhook.sty
Package: auxhook 2011/03/04 v1.3 Hooks for auxiliary files (HO)
)
(/usr/share/texmf-dist/tex/latex/oberdiek/kvoptions.sty
Package: kvoptions 2011/06/30 v3.11 Key value format for package options (HO)
)
\@linkdim=\dimen107
\Hy@linkcounter=\count100
\Hy@pagecounter=\count101

(/usr/share/texmf-dist/tex/latex/hyperref/pd1enc.def
File: pd1enc.def 2012/11/06 v6.83m Hyperref: PDFDocEncoding definition (HO)
)
\Hy@SavedSpaceFactor=\count102

(/usr/share/texmf-dist/tex/latex/latexconfig/hyperref.cfg
File: hyperref.cfg 2002/06/06 v1.2 hyperref configuration of TeXLive
)
Package hyperref Info: Hyper figures OFF on input line 4443.
Package hyperref Info: Link nesting OFF on input line 4448.
Package hyperref Info: Hyper index ON on input line 4451.
Package hyperref Info: Plain pages OFF on input line 4458.
Package hyperref Info: Backreferencing OFF on input line 4463.
Package hyperref Info: Implicit mode ON; LaTeX internals redefined.
Package hyperref Info: Bookmarks ON on input line 4688.
\c@Hy@tempcnt=\count103

(/usr/share/texmf-dist/tex/latex/url/url.sty
\Urlmuskip=\muskip10
Package: url 2013/09/16  ver 3.4  Verb mode for urls, etc.
)
LaTeX Info: Redefining \url on input line 5041.
\XeTeXLinkMargin=\dimen108
\Fld@menulength=\count104
\Field@Width=\dimen109
\Fld@charsize=\dimen110
Package hyperref Info: Hyper figures OFF on input line 6295.
Package hyperref Info: Link nesting OFF on input line 6300.
Package hyperref Info: Hyper index ON on input line 6303.
Package hyperref Info: backreferencing OFF on input line 6310.
Package hyperref Info: Link coloring OFF on input line 6315.
Package hyperref Info: Link coloring with OCG OFF on input line 6320.
Package hyperref Info: PDF/A mode OFF on input line 6325.
LaTeX Info: Redefining \ref on input line 6365.
LaTeX Info: Redefining \pageref on input line 6369.
\Hy@abspage=\count105
\c@Item=\count106
\c@Hfootnote=\count107
)

Package hyperref Message: Driver (autodetected): hpdftex.

(/usr/share/texmf-dist/tex/latex/hyperref/hpdftex.def
File: hpdftex.def 2012/11/06 v6.83m Hyperref driver for pdfTeX
\Fld@listcount=\count108
\c@bookmark@seq@number=\count109

(/usr/share/texmf-dist/tex/latex/oberdiek/rerunfilecheck.sty
Package: rerunfilecheck 2011/04/15 v1.7 Rerun checks for auxiliary files (HO)
Package uniquecounter Info: New unique counter `rerunfilecheck' on input line 2
82.
)
\Hy@SectionHShift=\skip47
) (./doc.aux)
\openout1 = `doc.aux'.

LaTeX Font Info:    Checking defaults for OML/cmm/m/it on input line 13.
LaTeX Font Info:    ... okay on input line 13.
LaTeX Font Info:    Checking defaults for T1/cmr/m/n on input line 13.
LaTeX Font Info:    ... okay on input line 13.
LaTeX Font Info:    Checking defaults for OT1/cmr/m/n on input line 13.
LaTeX Font Info:    ... okay on input line 13.
LaTeX Font Info:    Checking defaults for OMS/cmsy/m/n on input line 13.
LaTeX Font Info:    ... okay on input line 13.
LaTeX Font Info:    Checking defaults for OMX/cmex/m/n on input line 13.
LaTeX Font Info:    ... okay on input line 13.
LaTeX Font Info:    Checking defaults for U/cmr/m/n on input line 13.
LaTeX Font Info:    ... okay on input line 13.
LaTeX Font Info:    Checking defaults for PD1/pdf/m/n on input line 13.
LaTeX Font Info:    ... okay on input line 13.

(/usr/share/texmf-dist/tex/context/base/supp-pdf.mkii
[Loading MPS to PDF converter (version 2006.09.02).]
\scratchcounter=\count110
\scratchdimen=\dimen111
\scratchbox=\box30
\nofMPsegments=\count111
\nofMParguments=\count112
\everyMPshowfont=\toks20
\MPscratchCnt=\count113
\MPscratchDim=\dimen112
\MPnumerator=\count114
\makeMPintoPDFobject=\count115
\everyMPtoPDFconversion=\toks21
)
runsystem(pygmentize -S default -f latex > doc.pyg)...executed.

 (./doc.pyg) (/usr/share/texmf-dist/tex/latex/oberdiek/epstopdf-base.sty
Package: epstopdf-base 2010/02/09 v2.5 Base part for package epstopdf

(/usr/share/texmf-dist/tex/latex/oberdiek/grfext.sty
Package: grfext 2010/08/19 v1.1 Manage graphics extensions (HO)
)
Package grfext Info: Graphics extension search list:
(grfext)             [.png,.pdf,.jpg,.mps,.jpeg,.jbig2,.jb2,.PNG,.PDF,.JPG,.JPE
G,.JBIG2,.JB2,.eps]
(grfext)             \AppendGraphicsExtensions on input line 452.

(/usr/share/texmf-dist/tex/latex/latexconfig/epstopdf-sys.cfg
File: epstopdf-sys.cfg 2010/07/13 v1.3 Configuration of (r)epstopdf for TeX Liv
e
))
\AtBeginShipoutBox=\box31
Package hyperref Info: Link coloring OFF on input line 13.

(/usr/share/texmf-dist/tex/latex/hyperref/nameref.sty
Package: nameref 2012/10/27 v2.43 Cross-referencing by name of section

(/usr/share/texmf-dist/tex/generic/oberdiek/gettitlestring.sty
Package: gettitlestring 2010/12/03 v1.4 Cleanup title references (HO)
)
\c@section@level=\count116
)
LaTeX Info: Redefining \ref on input line 13.
LaTeX Info: Redefining \pageref on input line 13.
LaTeX Info: Redefining \nameref on input line 13.
\@outlinefile=\write5
\openout5 = `doc.out'.

LaTeX Font Info:    External font `cmex10' loaded for size
(Font)              <7> on input line 32.
LaTeX Font Info:    External font `cmex10' loaded for size
(Font)              <5> on input line 32.

<res/logounime.jpg, id=4, 90.3375pt x 90.3375pt>
File: res/logounime.jpg Graphic file (type jpg)
 <use res/logounime.jpg>
Package pdftex.def Info: res/logounime.jpg used on input line 50.
(pdftex.def)             Requested size: 85.35834pt x 85.35834pt.

<res/logovee.png, id=5, 321.2pt x 321.2pt>
File: res/logovee.png Graphic file (type png)
 <use res/logovee.png>
Package pdftex.def Info: res/logovee.png used on input line 59.
(pdftex.def)             Requested size: 85.35774pt x 85.35774pt.
 [1

{/var/lib/texmf/fonts/map/pdftex/updmap/pdftex.map} <./res/logounime.jpg> <./re
s/logovee.png>]

Package hyperref Warning: old toc file detected, not used; run LaTeX again.

\tf@toc=\write6
\openout6 = `doc.toc'.

[1

]
Chapter 1.
pdfTeX warning (ext4): destination with the same identifier (name{page.1}) has 
been already used, duplicate ignored
<to be read again> 
                   \relax 
l.92             \newpage
                          [1

]
\openout3 = `doc.pyg'.

runsystem(pygmentize -l cpp -f latex -F tokenmerge  -F gobble:n=2    -P mathesc
ape      -P linenos -P "verboptions= ,numbersep=5pt,frame=lines,framesep=2mm" -
o doc.out.pyg doc.pyg)...executed.

 (./doc.out.pyg
LaTeX Font Info:    Font shape `OT1/cmtt/bx/n' in size <10> not available
(Font)              Font shape `OT1/cmtt/m/n' tried instead on input line 3.
)
runsystem(rm doc.out.pyg)...executed.

runsystem(rm doc.pyg)...executed.

\openout3 = `doc.pyg'.

runsystem(pygmentize -l cpp -f latex -F tokenmerge  -F gobble:n=2    -P mathesc
ape      -P linenos -P "verboptions= ,numbersep=5pt,frame=lines,framesep=2mm" -
o doc.out.pyg doc.pyg)...executed.

 (./doc.out.pyg)
runsystem(rm doc.out.pyg)...executed.

runsystem(rm doc.pyg)...executed.

 [2] [3]
Chapter 2.
\openout3 = `doc.pyg'.

runsystem(pygmentize -l cpp -f latex -F tokenmerge  -F gobble:n=2    -P mathesc
ape      -P linenos -P "verboptions= ,numbersep=5pt,frame=lines,framesep=2mm" -
o doc.out.pyg doc.pyg)...executed.

(./doc.out.pyg)
runsystem(rm doc.out.pyg)...executed.

runsystem(rm doc.pyg)...executed.

\openout3 = `doc.pyg'.

runsystem(pygmentize -l cpp -f latex -F tokenmerge  -F gobble:n=2    -P mathesc
ape      -P linenos -P "verboptions= ,numbersep=5pt,frame=lines,framesep=2mm" -
o doc.out.pyg doc.pyg)...executed.

 (./doc.out.pyg [4

])
runsystem(rm doc.out.pyg)...executed.

runsystem(rm doc.pyg)...executed.

\openout3 = `doc.pyg'.

runsystem(pygmentize -l cpp -f latex -F tokenmerge  -F gobble:n=2    -P mathesc
ape      -P linenos -P "verboptions= ,numbersep=5pt,frame=lines,framesep=2mm" -
o doc.out.pyg doc.pyg)...executed.

 (./doc.out.pyg)
runsystem(rm doc.out.pyg)...executed.

runsystem(rm doc.pyg)...executed.

\openout3 = `doc.pyg'.

runsystem(pygmentize -l cpp -f latex -F tokenmerge  -F gobble:n=2    -P mathesc
ape      -P linenos -P "verboptions= ,numbersep=5pt,frame=lines,framesep=2mm" -
o doc.out.pyg doc.pyg)...executed.

 (./doc.out.pyg [5])
runsystem(rm doc.out.pyg)...executed.

runsystem(rm doc.pyg)...executed.

\openout3 = `doc.pyg'.

runsystem(pygmentize -l cpp -f latex -F tokenmerge  -F gobble:n=2    -P mathesc
ape      -P linenos -P "verboptions= ,numbersep=5pt,frame=lines,framesep=2mm" -
o doc.out.pyg doc.pyg)...executed.


(./doc.out.pyg)
runsystem(rm doc.out.pyg)...executed.

runsystem(rm doc.pyg)...executed.

\openout3 = `doc.pyg'.

runsystem(pygmentize -l cpp -f latex -F tokenmerge  -F gobble:n=2    -P mathesc
ape      -P linenos -P "verboptions= ,numbersep=5pt,frame=lines,framesep=2mm" -
o doc.out.pyg doc.pyg)...executed.

 (./doc.out.pyg [6] [7] [8])
runsystem(rm doc.out.pyg)...executed.

runsystem(rm doc.pyg)...executed.

\openout3 = `doc.pyg'.

runsystem(pygmentize -l cpp -f latex -F tokenmerge  -F gobble:n=2    -P mathesc
ape      -P linenos -P "verboptions= ,numbersep=5pt,frame=lines,framesep=2mm" -
o doc.out.pyg doc.pyg)...executed.

 (./doc.out.pyg)
runsystem(rm doc.out.pyg)...executed.

runsystem(rm doc.pyg)...executed.

\openout3 = `doc.pyg'.

runsystem(pygmentize -l cpp -f latex -F tokenmerge  -F gobble:n=2    -P mathesc
ape      -P linenos -P "verboptions= ,numbersep=5pt,frame=lines,framesep=2mm" -
o doc.out.pyg doc.pyg)...executed.

 (./doc.out.pyg
[9] [10])
runsystem(rm doc.out.pyg)...executed.

runsystem(rm doc.pyg)...executed.

 [11]
Chapter 3.
\openout3 = `doc.pyg'.

runsystem(pygmentize -l cpp -f latex -F tokenmerge  -F gobble:n=2    -P mathesc
ape      -P linenos -P "verboptions= ,numbersep=5pt,frame=lines,framesep=2mm" -
o doc.out.pyg doc.pyg)...executed.

(./doc.out.pyg [12

])
runsystem(rm doc.out.pyg)...executed.

runsystem(rm doc.pyg)...executed.

\openout3 = `doc.pyg'.

runsystem(pygmentize -l cpp -f latex -F tokenmerge  -F gobble:n=2    -P mathesc
ape      -P linenos -P "verboptions= ,numbersep=5pt,frame=lines,framesep=2mm" -
o doc.out.pyg doc.pyg)...executed.

 (./doc.out.pyg [13])
runsystem(rm doc.out.pyg)...executed.

runsystem(rm doc.pyg)...executed.

\openout3 = `doc.pyg'.

runsystem(pygmentize -l cpp -f latex -F tokenmerge  -F gobble:n=2    -P mathesc
ape      -P linenos -P "verboptions= ,numbersep=5pt,frame=lines,framesep=2mm" -
o doc.out.pyg doc.pyg)...executed.

 (./doc.out.pyg)
runsystem(rm doc.out.pyg)...executed.

runsystem(rm doc.pyg)...executed.

\openout3 = `doc.pyg'.

runsystem(pygmentize -l cpp -f latex -F tokenmerge  -F gobble:n=2    -P mathesc
ape      -P linenos -P "verboptions= ,numbersep=5pt,frame=lines,framesep=2mm" -
o doc.out.pyg doc.pyg)...executed.

 (./doc.out.pyg
[14])
runsystem(rm doc.out.pyg)...executed.

runsystem(rm doc.pyg)...executed.

\openout3 = `doc.pyg'.

runsystem(pygmentize -l cpp -f latex -F tokenmerge  -F gobble:n=2    -P mathesc
ape      -P linenos -P "verboptions= ,numbersep=5pt,frame=lines,framesep=2mm" -
o doc.out.pyg doc.pyg)...executed.

 (./doc.out.pyg)
runsystem(rm doc.out.pyg)...executed.

runsystem(rm doc.pyg)...executed.

\openout3 = `doc.pyg'.

runsystem(pygmentize -l cpp -f latex -F tokenmerge  -F gobble:n=2    -P mathesc
ape      -P linenos -P "verboptions= ,numbersep=5pt,frame=lines,framesep=2mm" -
o doc.out.pyg doc.pyg)...executed.

 (./doc.out.pyg [15])
runsystem(rm doc.out.pyg)...executed.

runsystem(rm doc.pyg)...executed.

\openout3 = `doc.pyg'.

runsystem(pygmentize -l cpp -f latex -F tokenmerge  -F gobble:n=2    -P mathesc
ape      -P linenos -P "verboptions= ,numbersep=5pt,frame=lines,framesep=2mm" -
o doc.out.pyg doc.pyg)...executed.

 (./doc.out.pyg [16])
runsystem(rm doc.out.pyg)...executed.

runsystem(rm doc.pyg)...executed.

\openout3 = `doc.pyg'.

runsystem(pygmentize -l cpp -f latex -F tokenmerge  -F gobble:n=2    -P mathesc
ape      -P linenos -P "verboptions= ,numbersep=5pt,frame=lines,framesep=2mm" -
o doc.out.pyg doc.pyg)...executed.

 (./doc.out.pyg
[17] [18] [19])
runsystem(rm doc.out.pyg)...executed.

runsystem(rm doc.pyg)...executed.

 [20]
Chapter 4.
\openout3 = `doc.pyg'.

runsystem(pygmentize -l cpp -f latex -F tokenmerge  -F gobble:n=2    -P mathesc
ape      -P linenos -P "verboptions= ,numbersep=5pt,frame=lines,framesep=2mm" -
o doc.out.pyg doc.pyg)...executed.

(./doc.out.pyg)
runsystem(rm doc.out.pyg)...executed.

runsystem(rm doc.pyg)...executed.

\openout3 = `doc.pyg'.

runsystem(pygmentize -l cpp -f latex -F tokenmerge  -F gobble:n=2    -P mathesc
ape      -P linenos -P "verboptions= ,numbersep=5pt,frame=lines,framesep=2mm" -
o doc.out.pyg doc.pyg)...executed.

 (./doc.out.pyg [21

])
runsystem(rm doc.out.pyg)...executed.

runsystem(rm doc.pyg)...executed.

\openout3 = `doc.pyg'.

runsystem(pygmentize -l cpp -f latex -F tokenmerge  -F gobble:n=2    -P mathesc
ape      -P linenos -P "verboptions= ,numbersep=5pt,frame=lines,framesep=2mm" -
o doc.out.pyg doc.pyg)...executed.

 (./doc.out.pyg [22])
runsystem(rm doc.out.pyg)...executed.

runsystem(rm doc.pyg)...executed.


<res/screen1.png, id=159, 430.60875pt x 226.8475pt>
File: res/screen1.png Graphic file (type png)
 <use res/screen1.png>
Package pdftex.def Info: res/screen1.png used on input line 1041.
(pdftex.def)             Requested size: 234.8775pt x 123.73846pt.

<res/screen2.png, id=160, 421.575pt x 312.16624pt>
File: res/screen2.png Graphic file (type png)
 <use res/screen2.png>
Package pdftex.def Info: res/screen2.png used on input line 1055.
(pdftex.def)             Requested size: 234.8775pt x 173.92117pt.


LaTeX Warning: `h' float specifier changed to `ht'.

LaTeX Font Info:    Try loading font information for OMS+cmr on input line 1061
.
(/usr/share/texmf-dist/tex/latex/base/omscmr.fd
File: omscmr.fd 1999/05/25 v2.5h Standard LaTeX font definitions
)
LaTeX Font Info:    Font shape `OMS/cmr/m/n' in size <10> not available
(Font)              Font shape `OMS/cmsy/m/n' tried instead on input line 1061.

 [23 <./res/screen1.png>]
[24 <./res/screen2.png>]
Chapter 5.
Package atveryend Info: Empty hook `BeforeClearDocument' on input line 1092.
[25

]
Package atveryend Info: Empty hook `AfterLastShipout' on input line 1092.
 (./doc.aux)
Package atveryend Info: Executing hook `AtVeryEndDocument' on input line 1092.
Package atveryend Info: Executing hook `AtEndAfterFileList' on input line 1092.



Package rerunfilecheck Warning: File `doc.out' has changed.
(rerunfilecheck)                Rerun to get outlines right
(rerunfilecheck)                or use package `bookmark'.

Package rerunfilecheck Info: Checksums for `doc.out':
(rerunfilecheck)             Before: <no file>
(rerunfilecheck)             After:  D8FCED25CE0BD609CD4BC08AD924C7F8;2362.
 ) 
Here is how much of TeX's memory you used:
 7103 strings out of 493108
 101681 string characters out of 6140726
 298573 words of memory out of 5000000
 10355 multiletter control sequences out of 15000+600000
 8603 words of font info for 31 fonts, out of 8000000 for 9000
 1141 hyphenation exceptions out of 8191
 37i,10n,37p,787b,531s stack positions out of 5000i,500n,10000p,200000b,80000s
</usr/share/texmf-dist/fonts/type1/public/amsfonts/cm/cmbx10.pfb></usr/share/
texmf-dist/fonts/type1/public/amsfonts/cm/cmbx12.pfb></usr/share/texmf-dist/fon
ts/type1/public/amsfonts/cm/cmcsc10.pfb></usr/share/texmf-dist/fonts/type1/publ
ic/amsfonts/cm/cmitt10.pfb></usr/share/texmf-dist/fonts/type1/public/amsfonts/c
m/cmr10.pfb></usr/share/texmf-dist/fonts/type1/public/amsfonts/cm/cmr12.pfb></u
sr/share/texmf-dist/fonts/type1/public/amsfonts/cm/cmr5.pfb></usr/share/texmf-d
ist/fonts/type1/public/amsfonts/cm/cmsy10.pfb></usr/share/texmf-dist/fonts/type
1/public/amsfonts/cm/cmti10.pfb></usr/share/texmf-dist/fonts/type1/public/amsfo
nts/cm/cmti12.pfb></usr/share/texmf-dist/fonts/type1/public/amsfonts/cm/cmtt10.
pfb>
Output written on doc.pdf (27 pages, 220654 bytes).
PDF statistics:
 245 PDF objects out of 1000 (max. 8388607)
 198 compressed objects within 2 object streams
 79 named destinations out of 1000 (max. 500000)
 21 words of extra memory for PDF output out of 10000 (max. 10000000)

