This is pdfTeX, Version 3.14159265-2.6-1.40.15 (TeX Live 2014/Arch Linux) (preloaded format=pdflatex 2015.3.4)  25 MAR 2015 12:33
entering extended mode
 \write18 enabled.
 %&-line parsing enabled.
**./preprocessed.tex
(./preprocessed.tex
LaTeX2e <2014/05/01>
Babel <3.9k> and hyphenation patterns for 79 languages loaded.
(/usr/share/texmf-dist/tex/latex/base/report.cls
Document Class: report 2007/10/19 v1.4h Standard LaTeX document class
(/usr/share/texmf-dist/tex/latex/base/size10.clo
File: size10.clo 2007/10/19 v1.4h Standard LaTeX file (size option)
)
\c@part=\count79
\c@chapter=\count80
\c@section=\count81
\c@subsection=\count82
\c@subsubsection=\count83
\c@paragraph=\count84
\c@subparagraph=\count85
\c@figure=\count86
\c@table=\count87
\abovecaptionskip=\skip41
\belowcaptionskip=\skip42
\bibindent=\dimen102
)
(/usr/share/texmf/tex/latex/minted/minted.sty
Package: minted 2015/01/31 v2.0 Yet another Pygments shim for LaTeX

(/usr/share/texmf-dist/tex/latex/graphics/keyval.sty
Package: keyval 2014/05/08 v1.15 key=value parser (DPC)
\KV@toks@=\toks14
)
(/usr/share/texmf-dist/tex/latex/oberdiek/kvoptions.sty
Package: kvoptions 2011/06/30 v3.11 Key value format for package options (HO)

(/usr/share/texmf-dist/tex/generic/oberdiek/ltxcmds.sty
Package: ltxcmds 2011/11/09 v1.22 LaTeX kernel commands for general use (HO)
)
(/usr/share/texmf-dist/tex/generic/oberdiek/kvsetkeys.sty
Package: kvsetkeys 2012/04/25 v1.16 Key value parser (HO)

(/usr/share/texmf-dist/tex/generic/oberdiek/infwarerr.sty
Package: infwarerr 2010/04/08 v1.3 Providing info/warning/error messages (HO)
)
(/usr/share/texmf-dist/tex/generic/oberdiek/etexcmds.sty
Package: etexcmds 2011/02/16 v1.5 Avoid name clashes with e-TeX commands (HO)

(/usr/share/texmf-dist/tex/generic/oberdiek/ifluatex.sty
Package: ifluatex 2010/03/01 v1.3 Provides the ifluatex switch (HO)
Package ifluatex Info: LuaTeX not detected.
)
Package etexcmds Info: Could not find \expanded.
(etexcmds)             That can mean that you are not using pdfTeX 1.50 or
(etexcmds)             that some package has redefined \expanded.
(etexcmds)             In the latter case, load this package earlier.
)))
(/usr/share/texmf-dist/tex/latex/fancyvrb/fancyvrb.sty
Package: fancyvrb 2008/02/07

Style option: `fancyvrb' v2.7a, with DG/SPQR fixes, and firstline=lastline fix 
<2008/02/07> (tvz)
\FV@CodeLineNo=\count88
\FV@InFile=\read1
\FV@TabBox=\box26
\c@FancyVerbLine=\count89
\FV@StepNumber=\count90
\FV@OutFile=\write3
) (/usr/share/texmf-dist/tex/latex/float/float.sty
Package: float 2001/11/08 v1.3d Float enhancements (AL)
\c@float@type=\count91
\float@exts=\toks15
\float@box=\box27
\@float@everytoks=\toks16
\@floatcapt=\box28
)
(/usr/share/texmf-dist/tex/latex/base/ifthen.sty
Package: ifthen 2001/05/26 v1.1c Standard LaTeX ifthen package (DPC)
)
(/usr/share/texmf-dist/tex/latex/tools/calc.sty
Package: calc 2007/08/22 v4.3 Infix arithmetic (KKT,FJ)
\calc@Acount=\count92
\calc@Bcount=\count93
\calc@Adimen=\dimen103
\calc@Bdimen=\dimen104
\calc@Askip=\skip43
\calc@Bskip=\skip44
LaTeX Info: Redefining \setlength on input line 75.
LaTeX Info: Redefining \addtolength on input line 76.
\calc@Ccount=\count94
\calc@Cskip=\skip45
)
(/usr/share/texmf-dist/tex/latex/ifplatform/ifplatform.sty
Package: ifplatform 2010/10/22 v0.4 Testing for the operating system

(/usr/share/texmf-dist/tex/generic/oberdiek/pdftexcmds.sty
Package: pdftexcmds 2011/11/29 v0.20 Utility functions of pdfTeX for LuaTeX (HO
)

(/usr/share/texmf-dist/tex/generic/oberdiek/ifpdf.sty
Package: ifpdf 2011/01/30 v2.3 Provides the ifpdf switch (HO)
Package ifpdf Info: pdfTeX in PDF mode is detected.
)
Package pdftexcmds Info: LuaTeX not detected.
Package pdftexcmds Info: \pdf@primitive is available.
Package pdftexcmds Info: \pdf@ifprimitive is available.
Package pdftexcmds Info: \pdfdraftmode found.
)
(/usr/share/texmf-dist/tex/generic/oberdiek/catchfile.sty
Package: catchfile 2011/03/01 v1.6 Catch the contents of a file (HO)
)
runsystem(uname -s > "preprocessed.w18")...executed.

 (./preprocessed.w18)
runsystem(rm -- "preprocessed.w18")...executed.

) (/usr/share/texmf-dist/tex/latex/etoolbox/etoolbox.sty
Package: etoolbox 2011/01/03 v2.1 e-TeX tools for LaTeX

(/usr/share/texmf-dist/tex/latex/etex-pkg/etex.sty
Package: etex 1998/03/26 v2.0 eTeX basic definition package (PEB)
\et@xins=\count95
)
\etb@tempcnta=\count96
)
(/usr/share/texmf-dist/tex/generic/xstring/xstring.sty
(/usr/share/texmf-dist/tex/generic/xstring/xstring.tex
\@xs@message=\write4
\integerpart=\count97
\decimalpart=\count98
)
Package: xstring 2013/10/13  v1.7c  String manipulations (C Tellechea)
)
(/usr/share/texmf-dist/tex/latex/lineno/lineno.sty
Package: lineno 2005/11/02 line numbers on paragraphs v4.41
\linenopenalty=\count99
\output=\toks17
\linenoprevgraf=\count100
\linenumbersep=\dimen105
\linenumberwidth=\dimen106
\c@linenumber=\count101
\c@pagewiselinenumber=\count102
\c@LN@truepage=\count103
\c@internallinenumber=\count104
\c@internallinenumbers=\count105
\quotelinenumbersep=\dimen107
\bframerule=\dimen108
\bframesep=\dimen109
\bframebox=\box29
LaTeX Info: Redefining \\ on input line 3056.
)
\minted@appexistsfile=\read2
\FV@BreakIndent=\dimen110
\FV@BreakSymbolSepLeft=\dimen111
\FV@BreakSymbolSepRight=\dimen112
\FV@BreakSymbolIndentLeft=\dimen113
\FV@BreakSymbolIndentRight=\dimen114
\c@FancyVerbLineBreakLast=\count106
\FV@LineBox=\box30
\FV@LineIndentBox=\box31
\minted@bgbox=\box32
\minted@code=\write5
\c@minted@FancyVerbLineTemp=\count107
\@float@every@listing=\toks18
\c@listing=\count108
)
runsystem(mkdir -p "_minted-preprocessed")...executed.

runsystem(which "pygmentize" && touch "preprocessed.aex")...executed.

runsystem(rm "preprocessed.aex")...executed.

runsystem(pygmentize -S default -f latex -P commandprefix=PYGdefault > "_minted
-preprocessed/default.pygstyle")...executed.


(./_minted-preprocessed/default.pygstyle)
(/usr/share/texmf-dist/tex/latex/tools/verbatim.sty
Package: verbatim 2003/08/22 v1.5q LaTeX2e package for verbatim enhancements
\every@verbatim=\toks19
\verbatim@line=\toks20
\verbatim@in@stream=\read3
)
(/usr/share/texmf-dist/tex/latex/preprint/fullpage.sty
Package: fullpage 1999/02/23 1.1 (PWD)
\FP@margin=\skip46
)
(/usr/share/texmf-dist/tex/latex/lipsum/lipsum.sty
Package: lipsum 2014/07/27 v1.3 150 paragraphs of Lorem Ipsum dummy text
\c@lips@count=\count109
)
(/usr/share/texmf-dist/tex/latex/graphics/graphicx.sty
Package: graphicx 2014/04/25 v1.0g Enhanced LaTeX Graphics (DPC,SPQR)

(/usr/share/texmf-dist/tex/latex/graphics/graphics.sty
Package: graphics 2009/02/05 v1.0o Standard LaTeX Graphics (DPC,SPQR)

(/usr/share/texmf-dist/tex/latex/graphics/trig.sty
Package: trig 1999/03/16 v1.09 sin cos tan (DPC)
)
(/usr/share/texmf-dist/tex/latex/latexconfig/graphics.cfg
File: graphics.cfg 2010/04/23 v1.9 graphics configuration of TeX Live
)
Package graphics Info: Driver file: pdftex.def on input line 91.

(/usr/share/texmf-dist/tex/latex/pdftex-def/pdftex.def
File: pdftex.def 2011/05/27 v0.06d Graphics/color for pdfTeX
\Gread@gobject=\count110
))
\Gin@req@height=\dimen115
\Gin@req@width=\dimen116
)
(/usr/share/texmf-dist/tex/latex/hyperref/hyperref.sty
Package: hyperref 2012/11/06 v6.83m Hypertext links for LaTeX

(/usr/share/texmf-dist/tex/generic/oberdiek/hobsub-hyperref.sty
Package: hobsub-hyperref 2012/05/28 v1.13 Bundle oberdiek, subset hyperref (HO)


(/usr/share/texmf-dist/tex/generic/oberdiek/hobsub-generic.sty
Package: hobsub-generic 2012/05/28 v1.13 Bundle oberdiek, subset generic (HO)
Package: hobsub 2012/05/28 v1.13 Construct package bundles (HO)
Package hobsub Info: Skipping package `infwarerr' (already loaded).
Package hobsub Info: Skipping package `ltxcmds' (already loaded).
Package hobsub Info: Skipping package `ifluatex' (already loaded).
Package: ifvtex 2010/03/01 v1.5 Detect VTeX and its facilities (HO)
Package ifvtex Info: VTeX not detected.
Package: intcalc 2007/09/27 v1.1 Expandable calculations with integers (HO)
Package hobsub Info: Skipping package `ifpdf' (already loaded).
Package hobsub Info: Skipping package `etexcmds' (already loaded).
Package hobsub Info: Skipping package `kvsetkeys' (already loaded).
Package: kvdefinekeys 2011/04/07 v1.3 Define keys (HO)
Package hobsub Info: Skipping package `pdftexcmds' (already loaded).
Package: pdfescape 2011/11/25 v1.13 Implements pdfTeX's escape features (HO)
Package: bigintcalc 2012/04/08 v1.3 Expandable calculations on big integers (HO
)
Package: bitset 2011/01/30 v1.1 Handle bit-vector datatype (HO)
Package: uniquecounter 2011/01/30 v1.2 Provide unlimited unique counter (HO)
)
Package hobsub Info: Skipping package `hobsub' (already loaded).
Package: letltxmacro 2010/09/02 v1.4 Let assignment for LaTeX macros (HO)
Package: hopatch 2012/05/28 v1.2 Wrapper for package hooks (HO)
Package: xcolor-patch 2011/01/30 xcolor patch
Package: atveryend 2011/06/30 v1.8 Hooks at the very end of document (HO)
Package: atbegshi 2011/10/05 v1.16 At begin shipout hook (HO)
Package: refcount 2011/10/16 v3.4 Data extraction from label references (HO)
Package: hycolor 2011/01/30 v1.7 Color options for hyperref/bookmark (HO)
)
(/usr/share/texmf-dist/tex/generic/ifxetex/ifxetex.sty
Package: ifxetex 2010/09/12 v0.6 Provides ifxetex conditional
)
(/usr/share/texmf-dist/tex/latex/oberdiek/auxhook.sty
Package: auxhook 2011/03/04 v1.3 Hooks for auxiliary files (HO)
)
\@linkdim=\dimen117
\Hy@linkcounter=\count111
\Hy@pagecounter=\count112

(/usr/share/texmf-dist/tex/latex/hyperref/pd1enc.def
File: pd1enc.def 2012/11/06 v6.83m Hyperref: PDFDocEncoding definition (HO)
)
\Hy@SavedSpaceFactor=\count113

(/usr/share/texmf-dist/tex/latex/latexconfig/hyperref.cfg
File: hyperref.cfg 2002/06/06 v1.2 hyperref configuration of TeXLive
)
Package hyperref Info: Hyper figures OFF on input line 4443.
Package hyperref Info: Link nesting OFF on input line 4448.
Package hyperref Info: Hyper index ON on input line 4451.
Package hyperref Info: Plain pages OFF on input line 4458.
Package hyperref Info: Backreferencing OFF on input line 4463.
Package hyperref Info: Implicit mode ON; LaTeX internals redefined.
Package hyperref Info: Bookmarks ON on input line 4688.
\c@Hy@tempcnt=\count114

(/usr/share/texmf-dist/tex/latex/url/url.sty
\Urlmuskip=\muskip10
Package: url 2013/09/16  ver 3.4  Verb mode for urls, etc.
)
LaTeX Info: Redefining \url on input line 5041.
\XeTeXLinkMargin=\dimen118
\Fld@menulength=\count115
\Field@Width=\dimen119
\Fld@charsize=\dimen120
Package hyperref Info: Hyper figures OFF on input line 6295.
Package hyperref Info: Link nesting OFF on input line 6300.
Package hyperref Info: Hyper index ON on input line 6303.
Package hyperref Info: backreferencing OFF on input line 6310.
Package hyperref Info: Link coloring OFF on input line 6315.
Package hyperref Info: Link coloring with OCG OFF on input line 6320.
Package hyperref Info: PDF/A mode OFF on input line 6325.
LaTeX Info: Redefining \ref on input line 6365.
LaTeX Info: Redefining \pageref on input line 6369.
\Hy@abspage=\count116
\c@Item=\count117
\c@Hfootnote=\count118
)

Package hyperref Message: Driver (autodetected): hpdftex.

(/usr/share/texmf-dist/tex/latex/hyperref/hpdftex.def
File: hpdftex.def 2012/11/06 v6.83m Hyperref driver for pdfTeX
\Fld@listcount=\count119
\c@bookmark@seq@number=\count120

(/usr/share/texmf-dist/tex/latex/oberdiek/rerunfilecheck.sty
Package: rerunfilecheck 2011/04/15 v1.7 Rerun checks for auxiliary files (HO)
Package uniquecounter Info: New unique counter `rerunfilecheck' on input line 2
82.
)
\Hy@SectionHShift=\skip47
)
No file preprocessed.aux.
\openout1 = `preprocessed.aux'.

LaTeX Font Info:    Checking defaults for OML/cmm/m/it on input line 14.
LaTeX Font Info:    ... okay on input line 14.
LaTeX Font Info:    Checking defaults for T1/cmr/m/n on input line 14.
LaTeX Font Info:    ... okay on input line 14.
LaTeX Font Info:    Checking defaults for OT1/cmr/m/n on input line 14.
LaTeX Font Info:    ... okay on input line 14.
LaTeX Font Info:    Checking defaults for OMS/cmsy/m/n on input line 14.
LaTeX Font Info:    ... okay on input line 14.
LaTeX Font Info:    Checking defaults for OMX/cmex/m/n on input line 14.
LaTeX Font Info:    ... okay on input line 14.
LaTeX Font Info:    Checking defaults for U/cmr/m/n on input line 14.
LaTeX Font Info:    ... okay on input line 14.
LaTeX Font Info:    Checking defaults for PD1/pdf/m/n on input line 14.
LaTeX Font Info:    ... okay on input line 14.
(/usr/share/texmf-dist/tex/latex/xcolor/xcolor.sty
Package: xcolor 2007/01/21 v2.11 LaTeX color extensions (UK)

(/usr/share/texmf-dist/tex/latex/latexconfig/color.cfg
File: color.cfg 2007/01/18 v1.5 color configuration of teTeX/TeXLive
)
Package xcolor Info: Driver file: pdftex.def on input line 225.
Package xcolor Info: Model `cmy' substituted by `cmy0' on input line 1337.
Package xcolor Info: Model `hsb' substituted by `rgb' on input line 1341.
Package xcolor Info: Model `RGB' extended on input line 1353.
Package xcolor Info: Model `HTML' substituted by `rgb' on input line 1355.
Package xcolor Info: Model `Hsb' substituted by `hsb' on input line 1356.
Package xcolor Info: Model `tHsb' substituted by `hsb' on input line 1357.
Package xcolor Info: Model `HSB' substituted by `hsb' on input line 1358.
Package xcolor Info: Model `Gray' substituted by `gray' on input line 1359.
Package xcolor Info: Model `wave' substituted by `hsb' on input line 1360.
)
(/usr/share/texmf-dist/tex/context/base/supp-pdf.mkii
[Loading MPS to PDF converter (version 2006.09.02).]
\scratchcounter=\count121
\scratchdimen=\dimen121
\scratchbox=\box33
\nofMPsegments=\count122
\nofMParguments=\count123
\everyMPshowfont=\toks21
\MPscratchCnt=\count124
\MPscratchDim=\dimen122
\MPnumerator=\count125
\makeMPintoPDFobject=\count126
\everyMPtoPDFconversion=\toks22
) (/usr/share/texmf-dist/tex/latex/oberdiek/epstopdf-base.sty
Package: epstopdf-base 2010/02/09 v2.5 Base part for package epstopdf

(/usr/share/texmf-dist/tex/latex/oberdiek/grfext.sty
Package: grfext 2010/08/19 v1.1 Manage graphics extensions (HO)
)
Package grfext Info: Graphics extension search list:
(grfext)             [.png,.pdf,.jpg,.mps,.jpeg,.jbig2,.jb2,.PNG,.PDF,.JPG,.JPE
G,.JBIG2,.JB2,.eps]
(grfext)             \AppendGraphicsExtensions on input line 452.

(/usr/share/texmf-dist/tex/latex/latexconfig/epstopdf-sys.cfg
File: epstopdf-sys.cfg 2010/07/13 v1.3 Configuration of (r)epstopdf for TeX Liv
e
))
\AtBeginShipoutBox=\box34
Package hyperref Info: Link coloring OFF on input line 14.

(/usr/share/texmf-dist/tex/latex/hyperref/nameref.sty
Package: nameref 2012/10/27 v2.43 Cross-referencing by name of section

(/usr/share/texmf-dist/tex/generic/oberdiek/gettitlestring.sty
Package: gettitlestring 2010/12/03 v1.4 Cleanup title references (HO)
)
\c@section@level=\count127
)
LaTeX Info: Redefining \ref on input line 14.
LaTeX Info: Redefining \pageref on input line 14.
LaTeX Info: Redefining \nameref on input line 14.
\@outlinefile=\write6
\openout6 = `preprocessed.out'.

LaTeX Font Info:    External font `cmex10' loaded for size
(Font)              <7> on input line 34.
LaTeX Font Info:    External font `cmex10' loaded for size
(Font)              <5> on input line 34.

<res/logovee.png, id=4, 321.2pt x 321.2pt>
File: res/logovee.png Graphic file (type png)
 <use res/logovee.png>
Package pdftex.def Info: res/logovee.png used on input line 52.
(pdftex.def)             Requested size: 56.90189pt x 56.90189pt.

<res/logounime.jpg, id=6, 90.3375pt x 90.3375pt>
File: res/logounime.jpg Graphic file (type jpg)
 <use res/logounime.jpg>
Package pdftex.def Info: res/logounime.jpg used on input line 61.
(pdftex.def)             Requested size: 56.90602pt x 56.90602pt.

[1

{/var/lib/texmf/fonts/map/pdftex/updmap/pdftex.map} <./res/logovee.png> <./res/
logounime.jpg>]
\tf@toc=\write7
\openout7 = `preprocessed.toc'.

 [1

]
Chapter 1.
pdfTeX warning (ext4): destination with the same identifier (name{page.1}) has 
been already used, duplicate ignored
<to be read again> 
                   \relax 
l.94             \newpage
                          [1

]
\openout3 = `preprocessed.pyg'.

runsystem(pygmentize -l cpp -f latex -F tokenmerge -P style=default -P commandp
refix=PYGdefault -P mathescape=True -F gobble:n=2 -o "_minted-preprocessed/C26A
8EECB89FD3F68B080C80034516E77F8C327E78B307F049AF261C06D31F7A.pygtex" "preproces
sed.pyg" )...executed.


(./_minted-preprocessed/C26A8EECB89FD3F68B080C80034516E77F8C327E78B307F049AF261
C06D31F7A.pygtex
LaTeX Font Info:    Font shape `OT1/cmtt/bx/n' in size <10> not available
(Font)              Font shape `OT1/cmtt/m/n' tried instead on input line 3.
)
\openout3 = `preprocessed.pyg'.

runsystem(pygmentize -l cpp -f latex -F tokenmerge -P style=default -P commandp
refix=PYGdefault -P mathescape=True -F gobble:n=2 -o "_minted-preprocessed/4164
5D2B63101628AB18362D86F565987F8C327E78B307F049AF261C06D31F7A.pygtex" "preproces
sed.pyg" )...executed.


(./_minted-preprocessed/41645D2B63101628AB18362D86F565987F8C327E78B307F049AF261
C06D31F7A.pygtex) [2] [3]
Chapter 2.
\openout3 = `preprocessed.pyg'.

runsystem(pygmentize -l cpp -f latex -F tokenmerge -P style=default -P commandp
refix=PYGdefault -P mathescape=True -F gobble:n=2 -o "_minted-preprocessed/BF73
5DDFCE442D7264E7334BF3D159DF7F8C327E78B307F049AF261C06D31F7A.pygtex" "preproces
sed.pyg" )...executed.


(./_minted-preprocessed/BF735DDFCE442D7264E7334BF3D159DF7F8C327E78B307F049AF261
C06D31F7A.pygtex)
\openout3 = `preprocessed.pyg'.

runsystem(pygmentize -l cpp -f latex -F tokenmerge -P style=default -P commandp
refix=PYGdefault -P mathescape=True -F gobble:n=2 -o "_minted-preprocessed/1074
8ABE746697FC0365838EE801B7967F8C327E78B307F049AF261C06D31F7A.pygtex" "preproces
sed.pyg" )...executed.


(./_minted-preprocessed/10748ABE746697FC0365838EE801B7967F8C327E78B307F049AF261
C06D31F7A.pygtex [4

])
\openout3 = `preprocessed.pyg'.

runsystem(pygmentize -l cpp -f latex -F tokenmerge -P style=default -P commandp
refix=PYGdefault -P mathescape=True -F gobble:n=2 -o "_minted-preprocessed/86DB
EDD1B031782FD3615A4237759C057F8C327E78B307F049AF261C06D31F7A.pygtex" "preproces
sed.pyg" )...executed.


(./_minted-preprocessed/86DBEDD1B031782FD3615A4237759C057F8C327E78B307F049AF261
C06D31F7A.pygtex)
\openout3 = `preprocessed.pyg'.

runsystem(pygmentize -l cpp -f latex -F tokenmerge -P style=default -P commandp
refix=PYGdefault -P mathescape=True -F gobble:n=2 -o "_minted-preprocessed/F374
067FFA9FF609CCBCB4ACD8AAB6217F8C327E78B307F049AF261C06D31F7A.pygtex" "preproces
sed.pyg" )...executed.


(./_minted-preprocessed/F374067FFA9FF609CCBCB4ACD8AAB6217F8C327E78B307F049AF261
C06D31F7A.pygtex [5])
\openout3 = `preprocessed.pyg'.

runsystem(pygmentize -l cpp -f latex -F tokenmerge -P style=default -P commandp
refix=PYGdefault -P mathescape=True -F gobble:n=2 -o "_minted-preprocessed/3040
F31CC00F764EBBB1BCAC4324CE287F8C327E78B307F049AF261C06D31F7A.pygtex" "preproces
sed.pyg" )...executed.


(./_minted-preprocessed/3040F31CC00F764EBBB1BCAC4324CE287F8C327E78B307F049AF261
C06D31F7A.pygtex)
\openout3 = `preprocessed.pyg'.

runsystem(pygmentize -l cpp -f latex -F tokenmerge -P style=default -P commandp
refix=PYGdefault -P mathescape=True -F gobble:n=2 -o "_minted-preprocessed/71E2
DB3A91B5C0C16031B5C29DB937917F8C327E78B307F049AF261C06D31F7A.pygtex" "preproces
sed.pyg" )...executed.


(./_minted-preprocessed/71E2DB3A91B5C0C16031B5C29DB937917F8C327E78B307F049AF261
C06D31F7A.pygtex [6] [7] [8])
\openout3 = `preprocessed.pyg'.

runsystem(pygmentize -l cpp -f latex -F tokenmerge -P style=default -P commandp
refix=PYGdefault -P mathescape=True -F gobble:n=2 -o "_minted-preprocessed/5BF4
9758C14AF21176D666872A0F9A817F8C327E78B307F049AF261C06D31F7A.pygtex" "preproces
sed.pyg" )...executed.


(./_minted-preprocessed/5BF49758C14AF21176D666872A0F9A817F8C327E78B307F049AF261
C06D31F7A.pygtex) [9]
\openout3 = `preprocessed.pyg'.

runsystem(pygmentize -l cpp -f latex -F tokenmerge -P style=default -P commandp
refix=PYGdefault -P mathescape=True -F gobble:n=2 -o "_minted-preprocessed/884A
CE331AB9A3CCF1AB7A668E1974057F8C327E78B307F049AF261C06D31F7A.pygtex" "preproces
sed.pyg" )...executed.


(./_minted-preprocessed/884ACE331AB9A3CCF1AB7A668E1974057F8C327E78B307F049AF261
C06D31F7A.pygtex [10]) [11]
Chapter 3.
\openout3 = `preprocessed.pyg'.

runsystem(pygmentize -l cpp -f latex -F tokenmerge -P style=default -P commandp
refix=PYGdefault -P mathescape=True -F gobble:n=2 -o "_minted-preprocessed/E515
D274908D1F3054F0711C56CD6C517F8C327E78B307F049AF261C06D31F7A.pygtex" "preproces
sed.pyg" )...executed.


(./_minted-preprocessed/E515D274908D1F3054F0711C56CD6C517F8C327E78B307F049AF261
C06D31F7A.pygtex [12

])
\openout3 = `preprocessed.pyg'.

runsystem(pygmentize -l cpp -f latex -F tokenmerge -P style=default -P commandp
refix=PYGdefault -P mathescape=True -F gobble:n=2 -o "_minted-preprocessed/D985
CA8EEF4580375DE53C29CECC5CFB7F8C327E78B307F049AF261C06D31F7A.pygtex" "preproces
sed.pyg" )...executed.


(./_minted-preprocessed/D985CA8EEF4580375DE53C29CECC5CFB7F8C327E78B307F049AF261
C06D31F7A.pygtex [13])
\openout3 = `preprocessed.pyg'.

runsystem(pygmentize -l cpp -f latex -F tokenmerge -P style=default -P commandp
refix=PYGdefault -P mathescape=True -F gobble:n=2 -o "_minted-preprocessed/3FAD
D815D3A04AF245624D7E7A30C9607F8C327E78B307F049AF261C06D31F7A.pygtex" "preproces
sed.pyg" )...executed.


(./_minted-preprocessed/3FADD815D3A04AF245624D7E7A30C9607F8C327E78B307F049AF261
C06D31F7A.pygtex)
\openout3 = `preprocessed.pyg'.

runsystem(pygmentize -l cpp -f latex -F tokenmerge -P style=default -P commandp
refix=PYGdefault -P mathescape=True -F gobble:n=2 -o "_minted-preprocessed/AD5F
F7ED9277886AF003289A8CED608F7F8C327E78B307F049AF261C06D31F7A.pygtex" "preproces
sed.pyg" )...executed.


(./_minted-preprocessed/AD5FF7ED9277886AF003289A8CED608F7F8C327E78B307F049AF261
C06D31F7A.pygtex [14])
\openout3 = `preprocessed.pyg'.

runsystem(pygmentize -l cpp -f latex -F tokenmerge -P style=default -P commandp
refix=PYGdefault -P mathescape=True -F gobble:n=2 -o "_minted-preprocessed/60AC
26E5464EF1C74C4ADDDC1626512C7F8C327E78B307F049AF261C06D31F7A.pygtex" "preproces
sed.pyg" )...executed.


(./_minted-preprocessed/60AC26E5464EF1C74C4ADDDC1626512C7F8C327E78B307F049AF261
C06D31F7A.pygtex)
\openout3 = `preprocessed.pyg'.

runsystem(pygmentize -l cpp -f latex -F tokenmerge -P style=default -P commandp
refix=PYGdefault -P mathescape=True -F gobble:n=2 -o "_minted-preprocessed/E9A7
0F668B96FDEAA0B1018B5F2E4FEE7F8C327E78B307F049AF261C06D31F7A.pygtex" "preproces
sed.pyg" )...executed.


(./_minted-preprocessed/E9A70F668B96FDEAA0B1018B5F2E4FEE7F8C327E78B307F049AF261
C06D31F7A.pygtex [15])
\openout3 = `preprocessed.pyg'.

runsystem(pygmentize -l cpp -f latex -F tokenmerge -P style=default -P commandp
refix=PYGdefault -P mathescape=True -F gobble:n=2 -o "_minted-preprocessed/40B4
67D5A36DD7EE366B6DE0F86F33AA7F8C327E78B307F049AF261C06D31F7A.pygtex" "preproces
sed.pyg" )...executed.


(./_minted-preprocessed/40B467D5A36DD7EE366B6DE0F86F33AA7F8C327E78B307F049AF261
C06D31F7A.pygtex [16])
\openout3 = `preprocessed.pyg'.

runsystem(pygmentize -l cpp -f latex -F tokenmerge -P style=default -P commandp
refix=PYGdefault -P mathescape=True -F gobble:n=2 -o "_minted-preprocessed/B930
2B75C04FAB8F79EB59D7EE63DCD47F8C327E78B307F049AF261C06D31F7A.pygtex" "preproces
sed.pyg" )...executed.


(./_minted-preprocessed/B9302B75C04FAB8F79EB59D7EE63DCD47F8C327E78B307F049AF261
C06D31F7A.pygtex [17] [18] [19]) [20]
Chapter 4.
LaTeX Font Info:    Try loading font information for OMS+cmr on input line 938.

(/usr/share/texmf-dist/tex/latex/base/omscmr.fd
File: omscmr.fd 1999/05/25 v2.5h Standard LaTeX font definitions
)
LaTeX Font Info:    Font shape `OMS/cmr/m/n' in size <10> not available
(Font)              Font shape `OMS/cmsy/m/n' tried instead on input line 938.
\openout5 = `preprocessed.pyg'.

runsystem(pygmentize -l bash -f latex -F tokenmerge -P style=default -P command
prefix=PYGdefault -o "_minted-preprocessed/DEC1FA46371B3B240A2DB6BCDBBC9EAA6327
2D2BFE5A5121CD1E60FBBD1E4EC6.pygtex" "preprocessed.pyg" )...executed.


(./_minted-preprocessed/DEC1FA46371B3B240A2DB6BCDBBC9EAA63272D2BFE5A5121CD1E60F
BBD1E4EC6.pygtex)
\openout5 = `preprocessed.pyg'.

runsystem(pygmentize -l bash -f latex -F tokenmerge -P style=default -P command
prefix=PYGdefault -o "_minted-preprocessed/01A6647331CB8CDE6CD5975A0847FE416327
2D2BFE5A5121CD1E60FBBD1E4EC6.pygtex" "preprocessed.pyg" )...executed.


(./_minted-preprocessed/01A6647331CB8CDE6CD5975A0847FE4163272D2BFE5A5121CD1E60F
BBD1E4EC6.pygtex)
\openout5 = `preprocessed.pyg'.

runsystem(pygmentize -l bash -f latex -F tokenmerge -P style=default -P command
prefix=PYGdefault -o "_minted-preprocessed/13B73077506B5D70B123EF8638F0CC056327
2D2BFE5A5121CD1E60FBBD1E4EC6.pygtex" "preprocessed.pyg" )...executed.


(./_minted-preprocessed/13B73077506B5D70B123EF8638F0CC0563272D2BFE5A5121CD1E60F
BBD1E4EC6.pygtex)
\openout5 = `preprocessed.pyg'.

runsystem(pygmentize -l bash -f latex -F tokenmerge -P style=default -P command
prefix=PYGdefault -o "_minted-preprocessed/47BF38C15E3012EDA38851B9B6961B496327
2D2BFE5A5121CD1E60FBBD1E4EC6.pygtex" "preprocessed.pyg" )...executed.


(./_minted-preprocessed/47BF38C15E3012EDA38851B9B6961B4963272D2BFE5A5121CD1E60F
BBD1E4EC6.pygtex)
\openout5 = `preprocessed.pyg'.

runsystem(pygmentize -l cpp -f latex -F tokenmerge -P style=default -P commandp
refix=PYGdefault -o "_minted-preprocessed/8DCC236820F7D90467AE0655415417E920614
DD1C451034FC0D43487A31C9F0A.pygtex" "preprocessed.pyg" )...executed.


(./_minted-preprocessed/8DCC236820F7D90467AE0655415417E920614DD1C451034FC0D4348
7A31C9F0A.pygtex) [21

]
Chapter 5.
\openout3 = `preprocessed.pyg'.

runsystem(pygmentize -l cpp -f latex -F tokenmerge -P style=default -P commandp
refix=PYGdefault -P mathescape=True -F gobble:n=2 -o "_minted-preprocessed/4FA9
EF97E8437B9D6AAC520AC062F2D57F8C327E78B307F049AF261C06D31F7A.pygtex" "preproces
sed.pyg" )...executed.


(./_minted-preprocessed/4FA9EF97E8437B9D6AAC520AC062F2D57F8C327E78B307F049AF261
C06D31F7A.pygtex)
\openout3 = `preprocessed.pyg'.

runsystem(pygmentize -l cpp -f latex -F tokenmerge -P style=default -P commandp
refix=PYGdefault -P mathescape=True -F gobble:n=2 -o "_minted-preprocessed/A9DE
5317DD834086C6F7D74BDA4614937F8C327E78B307F049AF261C06D31F7A.pygtex" "preproces
sed.pyg" )...executed.


(./_minted-preprocessed/A9DE5317DD834086C6F7D74BDA4614937F8C327E78B307F049AF261
C06D31F7A.pygtex [22

])
\openout3 = `preprocessed.pyg'.

runsystem(pygmentize -l cpp -f latex -F tokenmerge -P style=default -P commandp
refix=PYGdefault -P mathescape=True -F gobble:n=2 -o "_minted-preprocessed/9137
7C842DA745265BC0DC1CB1766FF07F8C327E78B307F049AF261C06D31F7A.pygtex" "preproces
sed.pyg" )...executed.


(./_minted-preprocessed/91377C842DA745265BC0DC1CB1766FF07F8C327E78B307F049AF261
C06D31F7A.pygtex [23]) <res/screen1.png, id=171, 430.60875pt x 226.8475pt>
File: res/screen1.png Graphic file (type png)

<use res/screen1.png>
Package pdftex.def Info: res/screen1.png used on input line 1077.
(pdftex.def)             Requested size: 234.8775pt x 123.73846pt.
 [24 <./res/screen1.png>]
<res/screen2.png, id=179, 421.575pt x 312.16624pt>
File: res/screen2.png Graphic file (type png)
 <use res/screen2.png>
Package pdftex.def Info: res/screen2.png used on input line 1092.
(pdftex.def)             Requested size: 234.8775pt x 173.92117pt.

[25 <./res/screen2.png>]
Chapter 6.
[26

]
runsystem(rm "preprocessed.pyg")...executed.

Package atveryend Info: Empty hook `BeforeClearDocument' on input line 1161.
 [27]
Package atveryend Info: Empty hook `AfterLastShipout' on input line 1161.
 (./preprocessed.aux)
Package atveryend Info: Executing hook `AtVeryEndDocument' on input line 1161.
Package atveryend Info: Executing hook `AtEndAfterFileList' on input line 1161.



Package rerunfilecheck Warning: File `preprocessed.out' has changed.
(rerunfilecheck)                Rerun to get outlines right
(rerunfilecheck)                or use package `bookmark'.

Package rerunfilecheck Info: Checksums for `preprocessed.out':
(rerunfilecheck)             Before: <no file>
(rerunfilecheck)             After:  9906A80794620877DB3F0D750A63EF4C;2304.
 ) 
Here is how much of TeX's memory you used:
 8251 strings out of 493108
 135272 string characters out of 6140726
 349470 words of memory out of 5000000
 11453 multiletter control sequences out of 15000+600000
 8603 words of font info for 31 fonts, out of 8000000 for 9000
 1141 hyphenation exceptions out of 8191
 37i,10n,35p,825b,540s stack positions out of 5000i,500n,10000p,200000b,80000s
</usr/share/texmf-dist/fonts/type1/public/amsfonts/cm/cmbx10.pfb></usr/share/
texmf-dist/fonts/type1/public/amsfonts/cm/cmbx12.pfb></usr/share/texmf-dist/fon
ts/type1/public/amsfonts/cm/cmcsc10.pfb></usr/share/texmf-dist/fonts/type1/publ
ic/amsfonts/cm/cmitt10.pfb></usr/share/texmf-dist/fonts/type1/public/amsfonts/c
m/cmr10.pfb></usr/share/texmf-dist/fonts/type1/public/amsfonts/cm/cmr12.pfb></u
sr/share/texmf-dist/fonts/type1/public/amsfonts/cm/cmr5.pfb></usr/share/texmf-d
ist/fonts/type1/public/amsfonts/cm/cmr7.pfb></usr/share/texmf-dist/fonts/type1/
public/amsfonts/cm/cmsy10.pfb></usr/share/texmf-dist/fonts/type1/public/amsfont
s/cm/cmti10.pfb></usr/share/texmf-dist/fonts/type1/public/amsfonts/cm/cmti12.pf
b></usr/share/texmf-dist/fonts/type1/public/amsfonts/cm/cmtt10.pfb>
Output written on preprocessed.pdf (29 pages, 236838 bytes).
PDF statistics:
 263 PDF objects out of 1000 (max. 8388607)
 212 compressed objects within 3 object streams
 80 named destinations out of 1000 (max. 500000)
 21 words of extra memory for PDF output out of 10000 (max. 10000000)

